<?xml version="1.0" encoding="UTF-8"?>
<!-- Generated by org.testng.reporters.JUnitXMLReporter -->
<testsuite ignored="2" hostname="QT-INBG" failures="0" tests="7" name="mod1" time="75.893" errors="0" timestamp="2021-03-24T18:58:35 IST">
  <testcase classname="mod1.QT_color" name="QT_color" time="6.617"/>
  <testcase classname="mod1.Qt_title" name="Qttitle" time="5.983"/>
  <testcase classname="mod1.Verification_and_login" name="basepagenavigation" time="9.562"/>
  <testcase classname="mod1.Verification_and_login" name="basepagenavigation" time="14.413"/>
  <testcase classname="mod1.Verification_and_login" name="basepagenavigation" time="10.436"/>
  <testcase classname="mod1.Verification_and_login" name="basepagenavigation" time="14.802"/>
  <testcase classname="mod1.Verification_and_login" name="basepagenavigation" time="14.027"/>
  <testcase classname="Resources.base1" name="@BeforeSuite bsuite" time="0.0">
    <ignored/>
  </testcase> <!-- @BeforeSuite bsuite -->
  <testcase classname="Resources.base1" name="@BeforeSuite bsuite" time="0.0">
    <ignored/>
  </testcase> <!-- @BeforeSuite bsuite -->
</testsuite> <!-- mod1 -->
