<?xml version="1.0" encoding="UTF-8"?>
<!-- Generated by org.testng.reporters.JUnitXMLReporter -->
<testsuite ignored="1" hostname="QT-INBG" failures="0" tests="2" name="mod2" time="18.811" errors="0" timestamp="2021-03-24T18:58:54 IST">
  <testcase classname="mod2.Qt_title" name="Qttitle" time="4.283"/>
  <testcase classname="mod2.Test_activity" name="NameInLeftSide" time="14.525"/>
  <testcase classname="Resources.base1" name="@BeforeSuite bsuite" time="0.0">
    <ignored/>
  </testcase> <!-- @BeforeSuite bsuite -->
</testsuite> <!-- mod2 -->
