<?xml version="1.0" encoding="UTF-8"?>
<testng-results ignored="0" total="1" passed="1" failed="0" skipped="0">
  <reporter-output>
  </reporter-output>
  <suite started-at="2021-03-30T16:26:10 IST" name="Suite" finished-at="2021-03-30T16:26:27 IST" duration-ms="16905">
    <groups>
      <group name="cucumber">
        <method signature="AbstractTestNGCucumberTests.feature(cucumber.api.testng.CucumberFeatureWrapper)[pri:0, instance:CucumberOptions.TestRunner@2053d869]" name="feature" class="cucumber.api.testng.AbstractTestNGCucumberTests"/>
      </group> <!-- cucumber -->
    </groups>
    <test started-at="2021-03-30T16:26:10 IST" name="Set A" finished-at="2021-03-30T16:26:27 IST" duration-ms="16905">
      <class name="CucumberOptions.TestRunner">
        <test-method is-config="true" signature="setUpClass()[pri:0, instance:CucumberOptions.TestRunner@2053d869]" started-at="2021-03-30T16:26:10 IST" name="setUpClass" finished-at="2021-03-30T16:26:10 IST" duration-ms="491" status="PASS">
          <reporter-output>
          </reporter-output>
        </test-method> <!-- setUpClass -->
        <test-method signature="feature(cucumber.api.testng.CucumberFeatureWrapper)[pri:0, instance:CucumberOptions.TestRunner@2053d869]" started-at="2021-03-30T16:26:10 IST" name="feature" description="Runs Cucumber Feature" data-provider="features" finished-at="2021-03-30T16:26:27 IST" duration-ms="16177" status="PASS">
          <params>
            <param index="0">
              <value>
                <![CDATA[QT recognition]]>
              </value>
            </param>
          </params>
          <reporter-output>
          </reporter-output>
        </test-method> <!-- feature -->
        <test-method is-config="true" signature="tearDownClass()[pri:0, instance:CucumberOptions.TestRunner@2053d869]" started-at="2021-03-30T16:26:27 IST" name="tearDownClass" finished-at="2021-03-30T16:26:27 IST" duration-ms="58" status="PASS">
          <reporter-output>
          </reporter-output>
        </test-method> <!-- tearDownClass -->
      </class> <!-- CucumberOptions.TestRunner -->
    </test> <!-- Set A -->
  </suite> <!-- Suite -->
</testng-results>
